<?xml version="1.0" encoding="utf-8"?><testsuites name="pytest tests"><testsuite name="pytest" errors="0" failures="0" skipped="0" tests="4" time="25.002" timestamp="2026-04-23T17:56:10.666512+00:00" hostname="agent-env-652a74d2-afeb-4029-a4b1-3499306c82c7"><testcase classname="backend.tests.test_ai_chat" name="test_root_ok" time="0.256" /><testcase classname="backend.tests.test_ai_chat" name="test_ai_chat_fallback_returns_response" time="18.157" /><testcase classname="backend.tests.test_ai_chat" name="test_ai_chat_without_token_uses_emergent" time="6.348" /><testcase classname="backend.tests.test_ai_chat" name="test_ai_chat_validation_error_on_missing_message" time="0.177" /></testsuite></testsuites>